1743666221: mosquitto version 2.0.21 starting
1743666221: Config loaded from /mosquitto/config/mosquitto.conf.
1743666221: Opening ipv4 listen socket on port 1883.
1743666221: Opening ipv6 listen socket on port 1883.
1743666221: Opening websockets listen socket on port 9001.
1743666221: mosquitto version 2.0.21 running
1743666366: New connection from 172.22.0.1:46978 on port 1883.
1743666366: New client connected from 172.22.0.1:46978 as auto-7972F6A6-CDC8-6CFC-E159-2A51D73D6DB1 (p5, c1, k60).
1743666366: No will message specified.
1743666366: Sending CONNACK to auto-7972F6A6-CDC8-6CFC-E159-2A51D73D6DB1 (0, 0)
1743666366: New connection from 172.22.0.1:46990 on port 1883.
1743666366: New client connected from 172.22.0.1:46990 as auto-46E144D9-CE1B-85FE-1A9A-C29151527AC6 (p5, c1, k60).
1743666366: No will message specified.
1743666366: Sending CONNACK to auto-46E144D9-CE1B-85FE-1A9A-C29151527AC6 (0, 0)
1743666419: Client auto-46E144D9-CE1B-85FE-1A9A-C29151527AC6 closed its connection.
1743666419: Client auto-7972F6A6-CDC8-6CFC-E159-2A51D73D6DB1 closed its connection.
1743666424: mosquitto version 2.0.21 terminating
1743666424: Saving in-memory database to /mosquitto/data//mosquitto.db.
1743668272: mosquitto version 2.0.21 starting
1743668272: Config loaded from /mosquitto/config/mosquitto.conf.
1743668272: Opening ipv4 listen socket on port 1883.
1743668272: Opening ipv6 listen socket on port 1883.
1743668272: Opening websockets listen socket on port 9001.
1743668272: mosquitto version 2.0.21 running
1743668275: New connection from 172.27.0.1:39930 on port 1883.
1743668275: New client connected from 172.27.0.1:39930 as auto-F6B5366E-E467-4C57-36AF-B697D1BCA5B4 (p5, c1, k60).
1743668275: No will message specified.
1743668275: Sending CONNACK to auto-F6B5366E-E467-4C57-36AF-B697D1BCA5B4 (0, 0)
1743668275: Received PUBLISH from auto-F6B5366E-E467-4C57-36AF-B697D1BCA5B4 (d0, q0, r0, m0, 'mon/topic', ... (19 bytes))
1743668275: Received SUBSCRIBE from auto-F6B5366E-E467-4C57-36AF-B697D1BCA5B4
1743668275: 	mon/topic (QoS 0)
1743668275: auto-F6B5366E-E467-4C57-36AF-B697D1BCA5B4 0 mon/topic
1743668275: Sending SUBACK to auto-F6B5366E-E467-4C57-36AF-B697D1BCA5B4
1743668298: New connection from 172.27.0.1:41984 on port 1883.
1743668298: New client connected from 172.27.0.1:41984 as auto-A1D768C9-5F42-96D5-E61A-E7BA9088CFBE (p5, c1, k60).
1743668298: No will message specified.
1743668298: Sending CONNACK to auto-A1D768C9-5F42-96D5-E61A-E7BA9088CFBE (0, 0)
1743668298: New connection from 172.27.0.1:41998 on port 1883.
1743668298: New client connected from 172.27.0.1:41998 as auto-2F65EC72-9175-1807-BFD1-CCD37797EB25 (p5, c1, k60).
1743668298: No will message specified.
1743668298: Sending CONNACK to auto-2F65EC72-9175-1807-BFD1-CCD37797EB25 (0, 0)
1743668307: New connection from 10.33.79.242:53174 on port 1883.
1743668307: New client connected from 10.33.79.242:53174 as Arduino-000001e0 (p2, c1, k60).
1743668307: No will message specified.
1743668307: Sending CONNACK to Arduino-000001e0 (0, 0)
1743668308: Received PUBLISH from Arduino-000001e0 (d0, q0, r0, m0, 'mon/topic', ... (7 bytes))
1743668308: Sending PUBLISH to auto-F6B5366E-E467-4C57-36AF-B697D1BCA5B4 (d0, q0, r0, m0, 'mon/topic', ... (7 bytes))
1743668329: New connection from 10.33.79.242:63504 on port 1883.
1743668329: New client connected from 10.33.79.242:63504 as Arduino-00000208 (p2, c1, k60).
1743668329: No will message specified.
1743668329: Sending CONNACK to Arduino-00000208 (0, 0)
1743668330: Received PUBLISH from Arduino-00000208 (d0, q0, r0, m0, 'mon/topic', ... (7 bytes))
1743668330: Sending PUBLISH to auto-F6B5366E-E467-4C57-36AF-B697D1BCA5B4 (d0, q0, r0, m0, 'mon/topic', ... (7 bytes))
1743668335: Received PINGREQ from auto-F6B5366E-E467-4C57-36AF-B697D1BCA5B4
1743668335: Sending PINGRESP to auto-F6B5366E-E467-4C57-36AF-B697D1BCA5B4
1743668358: Received PINGREQ from auto-A1D768C9-5F42-96D5-E61A-E7BA9088CFBE
1743668358: Sending PINGRESP to auto-A1D768C9-5F42-96D5-E61A-E7BA9088CFBE
1743668358: Received PINGREQ from auto-2F65EC72-9175-1807-BFD1-CCD37797EB25
1743668358: Sending PINGRESP to auto-2F65EC72-9175-1807-BFD1-CCD37797EB25
1743668363: Client auto-2F65EC72-9175-1807-BFD1-CCD37797EB25 closed its connection.
1743668364: New connection from 172.27.0.1:54630 on port 1883.
1743668364: New client connected from 172.27.0.1:54630 as auto-2A1FC142-280B-45DF-DAF4-1BA841704757 (p5, c1, k60).
1743668364: No will message specified.
1743668364: Sending CONNACK to auto-2A1FC142-280B-45DF-DAF4-1BA841704757 (0, 0)
1743668395: Received PINGREQ from auto-F6B5366E-E467-4C57-36AF-B697D1BCA5B4
1743668395: Sending PINGRESP to auto-F6B5366E-E467-4C57-36AF-B697D1BCA5B4
1743668399: Client Arduino-000001e0 has exceeded timeout, disconnecting.
1743668418: Received PINGREQ from auto-A1D768C9-5F42-96D5-E61A-E7BA9088CFBE
1743668418: Sending PINGRESP to auto-A1D768C9-5F42-96D5-E61A-E7BA9088CFBE
1743668421: Client Arduino-00000208 has exceeded timeout, disconnecting.
1743668424: Received PINGREQ from auto-2A1FC142-280B-45DF-DAF4-1BA841704757
1743668424: Sending PINGRESP to auto-2A1FC142-280B-45DF-DAF4-1BA841704757
1743668449: Client auto-2A1FC142-280B-45DF-DAF4-1BA841704757 closed its connection.
1743668449: New connection from 172.27.0.1:43262 on port 1883.
1743668449: New client connected from 172.27.0.1:43262 as auto-8F92B698-8746-F81E-6E9A-D5CF90594C01 (p5, c1, k60).
1743668449: No will message specified.
1743668449: Sending CONNACK to auto-8F92B698-8746-F81E-6E9A-D5CF90594C01 (0, 0)
1743668455: Received PINGREQ from auto-F6B5366E-E467-4C57-36AF-B697D1BCA5B4
1743668455: Sending PINGRESP to auto-F6B5366E-E467-4C57-36AF-B697D1BCA5B4
1743668478: Received PINGREQ from auto-A1D768C9-5F42-96D5-E61A-E7BA9088CFBE
1743668478: Sending PINGRESP to auto-A1D768C9-5F42-96D5-E61A-E7BA9088CFBE
1743668498: Client auto-F6B5366E-E467-4C57-36AF-B697D1BCA5B4 closed its connection.
1743668499: New connection from 172.27.0.1:57076 on port 1883.
1743668499: New client connected from 172.27.0.1:57076 as auto-DD500686-647D-8EBB-E7BD-8B4D1E1EBCE2 (p5, c1, k60).
1743668499: No will message specified.
1743668499: Sending CONNACK to auto-DD500686-647D-8EBB-E7BD-8B4D1E1EBCE2 (0, 0)
1743668499: Received SUBSCRIBE from auto-DD500686-647D-8EBB-E7BD-8B4D1E1EBCE2
1743668499: 	# (QoS 0)
1743668499: auto-DD500686-647D-8EBB-E7BD-8B4D1E1EBCE2 0 #
1743668499: Sending SUBACK to auto-DD500686-647D-8EBB-E7BD-8B4D1E1EBCE2
1743668509: Received PINGREQ from auto-8F92B698-8746-F81E-6E9A-D5CF90594C01
1743668509: Sending PINGRESP to auto-8F92B698-8746-F81E-6E9A-D5CF90594C01
1743668538: Received PINGREQ from auto-A1D768C9-5F42-96D5-E61A-E7BA9088CFBE
1743668538: Sending PINGRESP to auto-A1D768C9-5F42-96D5-E61A-E7BA9088CFBE
1743668559: Received PINGREQ from auto-DD500686-647D-8EBB-E7BD-8B4D1E1EBCE2
1743668559: Sending PINGRESP to auto-DD500686-647D-8EBB-E7BD-8B4D1E1EBCE2
1743668563: Received PUBLISH from auto-8F92B698-8746-F81E-6E9A-D5CF90594C01 (d0, q0, r0, m0, 'mon/topic', ... (12 bytes))
1743668563: Sending PUBLISH to auto-DD500686-647D-8EBB-E7BD-8B4D1E1EBCE2 (d0, q0, r0, m0, 'mon/topic', ... (12 bytes))
1743668569: Received PINGREQ from auto-8F92B698-8746-F81E-6E9A-D5CF90594C01
1743668569: Sending PINGRESP to auto-8F92B698-8746-F81E-6E9A-D5CF90594C01
1743668598: Received PINGREQ from auto-A1D768C9-5F42-96D5-E61A-E7BA9088CFBE
1743668598: Sending PINGRESP to auto-A1D768C9-5F42-96D5-E61A-E7BA9088CFBE
1743668620: Received PINGREQ from auto-DD500686-647D-8EBB-E7BD-8B4D1E1EBCE2
1743668620: Sending PINGRESP to auto-DD500686-647D-8EBB-E7BD-8B4D1E1EBCE2
1743668630: Received PINGREQ from auto-8F92B698-8746-F81E-6E9A-D5CF90594C01
1743668630: Sending PINGRESP to auto-8F92B698-8746-F81E-6E9A-D5CF90594C01
1743668650: New connection from 10.33.77.23:64410 on port 1883.
1743668650: New client connected from 10.33.77.23:64410 as auto-BB5887A5-AE88-116E-98B5-27636AE631A2 (p5, c1, k60).
1743668650: No will message specified.
1743668650: Sending CONNACK to auto-BB5887A5-AE88-116E-98B5-27636AE631A2 (0, 0)
1743668650: New connection from 10.33.77.23:64414 on port 1883.
1743668650: New client connected from 10.33.77.23:64414 as auto-F10CCFF2-8780-8BFA-603C-D1C08D3FB53E (p5, c1, k60).
1743668650: No will message specified.
1743668650: Sending CONNACK to auto-F10CCFF2-8780-8BFA-603C-D1C08D3FB53E (0, 0)
1743668658: Received PINGREQ from auto-A1D768C9-5F42-96D5-E61A-E7BA9088CFBE
1743668658: Sending PINGRESP to auto-A1D768C9-5F42-96D5-E61A-E7BA9088CFBE
1743668680: Received PINGREQ from auto-DD500686-647D-8EBB-E7BD-8B4D1E1EBCE2
1743668680: Sending PINGRESP to auto-DD500686-647D-8EBB-E7BD-8B4D1E1EBCE2
1743668690: Received PINGREQ from auto-8F92B698-8746-F81E-6E9A-D5CF90594C01
1743668690: Sending PINGRESP to auto-8F92B698-8746-F81E-6E9A-D5CF90594C01
1743668710: Received PINGREQ from auto-BB5887A5-AE88-116E-98B5-27636AE631A2
1743668710: Sending PINGRESP to auto-BB5887A5-AE88-116E-98B5-27636AE631A2
1743668711: Received PINGREQ from auto-F10CCFF2-8780-8BFA-603C-D1C08D3FB53E
1743668711: Sending PINGRESP to auto-F10CCFF2-8780-8BFA-603C-D1C08D3FB53E
1743668718: Received PINGREQ from auto-A1D768C9-5F42-96D5-E61A-E7BA9088CFBE
1743668718: Sending PINGRESP to auto-A1D768C9-5F42-96D5-E61A-E7BA9088CFBE
1743668722: Client auto-F10CCFF2-8780-8BFA-603C-D1C08D3FB53E closed its connection.
1743668722: Client auto-BB5887A5-AE88-116E-98B5-27636AE631A2 closed its connection.
1743668740: Received PINGREQ from auto-DD500686-647D-8EBB-E7BD-8B4D1E1EBCE2
1743668740: Sending PINGRESP to auto-DD500686-647D-8EBB-E7BD-8B4D1E1EBCE2
1743668750: Received PINGREQ from auto-8F92B698-8746-F81E-6E9A-D5CF90594C01
1743668750: Sending PINGRESP to auto-8F92B698-8746-F81E-6E9A-D5CF90594C01
1743668757: New connection from 10.33.79.242:59562 on port 1883.
1743668757: New client connected from 10.33.79.242:59562 as Arduino-00000262 (p2, c1, k60).
1743668757: No will message specified.
1743668757: Sending CONNACK to Arduino-00000262 (0, 0)
1743668759: Received PUBLISH from Arduino-00000262 (d0, q0, r0, m0, 'mon/topic', ... (7 bytes))
1743668759: Sending PUBLISH to auto-DD500686-647D-8EBB-E7BD-8B4D1E1EBCE2 (d0, q0, r0, m0, 'mon/topic', ... (7 bytes))
1743668778: Received PINGREQ from auto-A1D768C9-5F42-96D5-E61A-E7BA9088CFBE
1743668778: Sending PINGRESP to auto-A1D768C9-5F42-96D5-E61A-E7BA9088CFBE
1743668784: New connection from 10.33.79.242:53093 on port 1883.
1743668784: New client connected from 10.33.79.242:53093 as Arduino-00000322 (p2, c1, k60).
1743668784: No will message specified.
1743668784: Sending CONNACK to Arduino-00000322 (0, 0)
1743668786: Received PUBLISH from Arduino-00000322 (d0, q0, r0, m0, 'mon/topic', ... (7 bytes))
1743668786: Sending PUBLISH to auto-DD500686-647D-8EBB-E7BD-8B4D1E1EBCE2 (d0, q0, r0, m0, 'mon/topic', ... (7 bytes))
1743668801: Received PINGREQ from auto-DD500686-647D-8EBB-E7BD-8B4D1E1EBCE2
1743668801: Sending PINGRESP to auto-DD500686-647D-8EBB-E7BD-8B4D1E1EBCE2
1743668801: New connection from 10.33.79.242:53087 on port 1883.
1743668804: New client connected from 10.33.79.242:53087 as Arduino-000001c7 (p2, c1, k60).
1743668804: No will message specified.
1743668804: Sending CONNACK to Arduino-000001c7 (0, 0)
1743668805: Received PUBLISH from Arduino-000001c7 (d0, q0, r0, m0, 'mon/topic', ... (7 bytes))
1743668805: Sending PUBLISH to auto-DD500686-647D-8EBB-E7BD-8B4D1E1EBCE2 (d0, q0, r0, m0, 'mon/topic', ... (7 bytes))
1743668810: Received PINGREQ from auto-8F92B698-8746-F81E-6E9A-D5CF90594C01
1743668810: Sending PINGRESP to auto-8F92B698-8746-F81E-6E9A-D5CF90594C01
1743668822: Client auto-8F92B698-8746-F81E-6E9A-D5CF90594C01 closed its connection.
1743668822: New connection from 172.27.0.1:58408 on port 1883.
1743668822: New client connected from 172.27.0.1:58408 as auto-37780E08-D8C0-5959-5590-1B3622D356CB (p5, c1, k60).
1743668822: No will message specified.
1743668822: Sending CONNACK to auto-37780E08-D8C0-5959-5590-1B3622D356CB (0, 0)
